<?xml version="1.0" encoding="UTF-8"?>
<!-- Generated by org.testng.reporters.JUnitReportReporter -->
<testsuite hostname="DESKTOP-JK9M2LI" failures="0" tests="1" name="TestScripts.TC000" time="38.841" errors="0" timestamp="13 Mar 2023 13:56:47 GMT">
  <testcase classname="TestScripts.TC000" name="tc000" time="38.841"/>
</testsuite> <!-- TestScripts.TC000 -->
