<?xml version="1.0" encoding="UTF-8"?>
<!-- Generated by org.testng.reporters.JUnitReportReporter -->
<testsuite hostname="DESKTOP-JK9M2LI" failures="0" tests="1" name="TestScripts.TC002" time="61.455" errors="0" timestamp="13 Mar 2023 14:00:02 GMT">
  <testcase classname="TestScripts.TC002" name="tc002" time="61.455"/>
</testsuite> <!-- TestScripts.TC002 -->
