<?xml version="1.0" encoding="UTF-8"?>
<!-- Generated by org.testng.reporters.JUnitReportReporter -->
<testsuite hostname="DESKTOP-JK9M2LI" failures="0" tests="1" name="TestScripts.TC000" time="32.497" errors="0" timestamp="25 Mar 2023 11:07:22 GMT">
  <testcase classname="TestScripts.TC000" name="tc000" time="32.497"/>
</testsuite> <!-- TestScripts.TC000 -->
