<?xml version="1.0" encoding="UTF-8"?>
<!-- Generated by org.testng.reporters.JUnitReportReporter -->
<testsuite hostname="DESKTOP-JK9M2LI" failures="0" tests="1" name="TestScripts.C0001" time="22.688" errors="0" timestamp="27 Mar 2023 11:57:09 GMT">
  <testcase classname="TestScripts.C0001" name="c0001" time="22.688"/>
</testsuite> <!-- TestScripts.C0001 -->
